<?xml version="1.0" encoding="UTF-8"?>
<testsuite name="com.bmcl.numbers.ListAggregatorTest" tests="6" skipped="0" failures="0" errors="0" timestamp="2023-11-28T14:36:33" hostname="BERNAS" time="0.579">
  <properties/>
  <testcase name="max_bug_8726()" classname="com.bmcl.numbers.ListAggregatorTest" time="0.575"/>
  <testcase name="max()" classname="com.bmcl.numbers.ListAggregatorTest" time="0.001"/>
  <testcase name="min()" classname="com.bmcl.numbers.ListAggregatorTest" time="0.001"/>
  <testcase name="sum()" classname="com.bmcl.numbers.ListAggregatorTest" time="0.0"/>
  <testcase name="distinct()" classname="com.bmcl.numbers.ListAggregatorTest" time="0.001"/>
  <testcase name="Bugreport7263()" classname="com.bmcl.numbers.ListAggregatorTest" time="0.0"/>
  <system-out><![CDATA[]]></system-out>
  <system-err><![CDATA[]]></system-err>
</testsuite>
