<?xml version="1.0" encoding="UTF-8"?>
<testsuite name="com.bmcl.numbers.ListSorterTest" tests="2" skipped="0" failures="0" errors="0" timestamp="2023-11-28T14:11:53" hostname="BERNAS" time="0.012">
  <properties/>
  <testcase name="sort()" classname="com.bmcl.numbers.ListSorterTest" time="0.011"/>
  <testcase name="bug_sort_8276()" classname="com.bmcl.numbers.ListSorterTest" time="0.0"/>
  <system-out><![CDATA[]]></system-out>
  <system-err><![CDATA[]]></system-err>
</testsuite>
